{
  "Cucumber Features": {
    "coverage": {
      "/home/cosc480/InternDB/app/controllers/application_controller.rb": [
        1,
        1,
        null
      ],
      "/home/cosc480/InternDB/app/helpers/application_helper.rb": [
        1,
        null
      ],
      "/home/cosc480/InternDB/app/helpers/experiences_helper.rb": [
        1,
        null
      ],
      "/home/cosc480/InternDB/app/helpers/users_helper.rb": [
        1,
        null
      ],
      "/home/cosc480/InternDB/app/controllers/experiences_controller.rb": [
        1,
        null,
        1,
        null,
        null,
        1,
        0,
        0,
        0,
        null,
        null,
        1,
        null,
        null,
        null,
        null,
        null
      ],
      "/home/cosc480/InternDB/app/models/experience.rb": [
        1,
        null,
        1,
        null,
        1,
        0,
        0,
        null,
        0,
        null,
        null,
        null,
        1,
        0,
        0,
        0,
        null,
        0,
        null,
        null,
        0,
        null,
        null,
        null,
        null,
        null
      ],
      "/home/cosc480/InternDB/app/controllers/users_controller.rb": [
        1,
        null,
        null,
        1,
        null,
        null,
        1,
        null,
        null,
        1,
        null,
        null,
        1,
        null,
        null,
        1,
        null,
        null,
        1,
        null,
        null,
        1,
        null,
        null,
        1,
        3,
        3,
        1,
        null,
        2,
        null,
        null,
        null,
        null,
        null,
        null,
        null
      ],
      "/home/cosc480/InternDB/app/models/user.rb": [
        1,
        null,
        1,
        null,
        null
      ]
    },
    "timestamp": 1364832058
  },
  "RSpec": {
    "coverage": {
      "/home/cosc480/InternDB/app/controllers/application_controller.rb": [
        1,
        1,
        null
      ],
      "/home/cosc480/InternDB/app/helpers/application_helper.rb": [
        1,
        null
      ],
      "/home/cosc480/InternDB/app/helpers/experiences_helper.rb": [
        1,
        null
      ],
      "/home/cosc480/InternDB/app/helpers/users_helper.rb": [
        1,
        null
      ],
      "/home/cosc480/InternDB/app/controllers/experiences_controller.rb": [
        1,
        null,
        1,
        null,
        null,
        1,
        1,
        1,
        1,
        null,
        null,
        1,
        null,
        null,
        null,
        null,
        null
      ],
      "/home/cosc480/InternDB/app/models/experience.rb": [
        1,
        null,
        1,
        null,
        1,
        2,
        1,
        null,
        1,
        null,
        null,
        null,
        1,
        3,
        2,
        1,
        null,
        1,
        null,
        null,
        1,
        null,
        null,
        null,
        null,
        null
      ],
      "/home/cosc480/InternDB/app/controllers/users_controller.rb": [
        1,
        null,
        null,
        1,
        null,
        null,
        1,
        null,
        null,
        1,
        null,
        null,
        1,
        null,
        null,
        1,
        null,
        null,
        1,
        null,
        null,
        1,
        null,
        null,
        1,
        0,
        0,
        0,
        null,
        0,
        null,
        null,
        null,
        null,
        null,
        null,
        null
      ],
      "/home/cosc480/InternDB/app/models/user.rb": [
        1,
        null,
        1,
        null,
        null
      ]
    },
    "timestamp": 1364832171
  }
}
